<?xml version="1.0" encoding="UTF-8"?>
<testng-results ignored="0" total="2" passed="2" failed="0" skipped="0">
  <reporter-output>
  </reporter-output>
  <suite started-at="2019-10-04T09:53:53Z" name="Suite" finished-at="2019-10-04T09:54:06Z" duration-ms="12762">
    <groups>
    </groups>
    <test started-at="2019-10-04T09:53:53Z" name="Test" finished-at="2019-10-04T09:54:06Z" duration-ms="12762">
      <class name="com.atmecs.konakart.testscripts.FirstScenario">
        <test-method is-config="true" signature="invokeBrowser()[pri:0, instance:com.atmecs.konakart.testscripts.FirstScenario@214b199c]" started-at="2019-10-04T09:53:53Z" name="invokeBrowser" finished-at="2019-10-04T09:54:03Z" duration-ms="9476" status="PASS">
          <reporter-output>
          </reporter-output>
        </test-method> <!-- invokeBrowser -->
        <test-method signature="first([Ljava.lang.String;)[pri:0, instance:com.atmecs.konakart.testscripts.FirstScenario@214b199c]" started-at="2019-10-04T09:54:04Z" name="first" data-provider="destination" finished-at="2019-10-04T09:54:06Z" duration-ms="2443" status="PASS">
          <params>
            <param index="0">
              <value>
                <![CDATA[[Ljava.lang.String;@78b236a0]]>
              </value>
            </param>
          </params>
          <reporter-output>
          </reporter-output>
        </test-method> <!-- first -->
      </class> <!-- com.atmecs.konakart.testscripts.FirstScenario -->
    </test> <!-- Test -->
  </suite> <!-- Suite -->
  <suite started-at="2019-10-04T09:54:06Z" name="Suite (0)" finished-at="2019-10-04T09:54:25Z" duration-ms="18918">
    <groups>
    </groups>
    <test started-at="2019-10-04T09:54:06Z" name="Test" finished-at="2019-10-04T09:54:25Z" duration-ms="18918">
      <class name="com.atmecs.konakart.testscripts.SecondScenario">
        <test-method is-config="true" signature="invokeBrowser()[pri:0, instance:com.atmecs.konakart.testscripts.SecondScenario@6295d394]" started-at="2019-10-04T09:54:06Z" name="invokeBrowser" finished-at="2019-10-04T09:54:15Z" duration-ms="8648" status="PASS">
          <reporter-output>
          </reporter-output>
        </test-method> <!-- invokeBrowser -->
        <test-method signature="second()[pri:0, instance:com.atmecs.konakart.testscripts.SecondScenario@6295d394]" started-at="2019-10-04T09:54:15Z" name="second" finished-at="2019-10-04T09:54:25Z" duration-ms="10268" status="PASS">
          <reporter-output>
          </reporter-output>
        </test-method> <!-- second -->
      </class> <!-- com.atmecs.konakart.testscripts.SecondScenario -->
    </test> <!-- Test -->
  </suite> <!-- Suite (0) -->
  <suite started-at="2019-10-04T09:54:25Z" name="ATMECSWEBPAGES" finished-at="2019-10-04T09:54:25Z" duration-ms="0">
    <groups>
    </groups>
  </suite> <!-- ATMECSWEBPAGES -->
</testng-results>
