<?xml version="1.0" encoding="UTF-8"?>
<testng-results ignored="0" total="1" passed="1" failed="0" skipped="0">
  <reporter-output>
  </reporter-output>
  <suite started-at="2019-10-04T13:53:34Z" name="Default suite" finished-at="2019-10-04T13:54:25Z" duration-ms="51695">
    <groups>
    </groups>
    <test started-at="2019-10-04T13:53:34Z" name="Default test" finished-at="2019-10-04T13:54:25Z" duration-ms="51695">
      <class name="com.atmecs.konakart.testscripts.SecondScenario">
        <test-method is-config="true" signature="invokeBrowser()[pri:0, instance:com.atmecs.konakart.testscripts.SecondScenario@71809907]" started-at="2019-10-04T13:53:34Z" name="invokeBrowser" finished-at="2019-10-04T13:53:44Z" duration-ms="10803" status="PASS">
          <reporter-output>
          </reporter-output>
        </test-method> <!-- invokeBrowser -->
        <test-method signature="second()[pri:0, instance:com.atmecs.konakart.testscripts.SecondScenario@71809907]" started-at="2019-10-04T13:53:44Z" name="second" finished-at="2019-10-04T13:54:25Z" duration-ms="40867" status="PASS">
          <reporter-output>
          </reporter-output>
        </test-method> <!-- second -->
      </class> <!-- com.atmecs.konakart.testscripts.SecondScenario -->
    </test> <!-- Default test -->
  </suite> <!-- Default suite -->
</testng-results>
